<?xml version="1.0" encoding="UTF-8"?>
<!-- Generated by org.testng.reporters.JUnitXMLReporter -->
<testsuite hostname="Sameers-MacBook-Pro.local" ignored="0" name="Test" tests="6" failures="0" timestamp="2020-01-17T19:56:18 CST" time="0.115" errors="0">
  <testcase name="Method11" time="0.015" classname="MavenEx01.TestSuite.tc01_Test"/>
  <testcase name="Method2" time="0.003" classname="MavenEx01.TestSuite.tc01_Test"/>
  <testcase name="Method1" time="0.003" classname="MavenEx01.TestSuite.tc02_Test"/>
  <testcase name="Method2" time="0.002" classname="MavenEx01.TestSuite.tc02_Test"/>
  <testcase name="Method1" time="0.002" classname="MavenEx01.TestSuite.tc03_Test"/>
  <testcase name="Method2" time="0.002" classname="MavenEx01.TestSuite.tc03_Test"/>
</testsuite> <!-- Test -->
