<?xml version="1.0" encoding="UTF-8"?>
<!-- Generated by org.testng.reporters.JUnitXMLReporter -->
<testsuite hostname="Sameers-MacBook-Pro.local" ignored="0" name="Test" tests="6" failures="0" timestamp="2020-01-17T13:04:38 CST" time="0.081" errors="0">
  <testcase name="Method1" time="0.013" classname="MavenEx01.TestSuite.tc01_Test"/>
  <testcase name="Method2" time="0.001" classname="MavenEx01.TestSuite.tc01_Test"/>
  <testcase name="Method1" time="0.002" classname="MavenEx01.TestSuite.tc02_Test"/>
  <testcase name="Method2" time="0.002" classname="MavenEx01.TestSuite.tc02_Test"/>
  <testcase name="Method1" time="0.002" classname="MavenEx01.TestSuite.tc03_Test"/>
  <testcase name="Method2" time="0.001" classname="MavenEx01.TestSuite.tc03_Test"/>
</testsuite> <!-- Test -->
